<?xml version="1.0" encoding="UTF-8"?>
<!-- Generated by org.testng.reporters.JUnitReportReporter -->
<testsuite hostname="BLACKHOLE" failures="0" tests="1" name="testcases.Runner" time="7.797" errors="0" timestamp="2024-12-13T06:43:16 IST" skipped="0">
  <testcase classname="testcases.Runner" name="runScenario" time="7.797"/>
  <system-out/>
</testsuite> <!-- testcases.Runner -->
